::1 - - [07/Dec/2024:13:01:58 -0600] "GET / HTTP/1.1" 200 -
::1 - - [07/Dec/2024:13:01:58 -0600] "GET /favicon.ico HTTP/1.1" 404 196
::1 - - [07/Dec/2024:13:06:01 -0600] "GET / HTTP/1.1" 200 -
::1 - - [07/Dec/2024:13:06:01 -0600] "GET /favicon.ico HTTP/1.1" 404 196
::1 - - [07/Dec/2024:13:06:19 -0600] "GET /Information.php HTTP/1.1" 404 196
::1 - - [07/Dec/2024:13:07:06 -0600] "GET /Info/Information.php HTTP/1.1" 404 196
::1 - - [07/Dec/2024:13:07:09 -0600] "GET /Info/Information.php HTTP/1.1" 404 196
::1 - - [07/Dec/2024:13:07:10 -0600] "GET /Info/Information.php HTTP/1.1" 404 196
::1 - - [07/Dec/2024:13:07:10 -0600] "GET /Info/Information.php HTTP/1.1" 404 196
::1 - - [07/Dec/2024:13:07:11 -0600] "GET /Info/Information.php HTTP/1.1" 404 196
::1 - - [07/Dec/2024:13:07:11 -0600] "GET /Info/Information.php HTTP/1.1" 404 196
::1 - - [07/Dec/2024:13:07:11 -0600] "GET /Info/Information.php HTTP/1.1" 404 196
::1 - - [07/Dec/2024:13:07:11 -0600] "GET /Info/Information.php HTTP/1.1" 404 196
::1 - - [07/Dec/2024:13:07:11 -0600] "GET /Info/Information.php HTTP/1.1" 404 196
::1 - - [07/Dec/2024:13:07:11 -0600] "GET /Info/Information.php HTTP/1.1" 404 196
::1 - - [07/Dec/2024:13:08:06 -0600] "-" 408 -
::1 - - [07/Dec/2024:13:09:31 -0600] "GET /Info/Informtion.php HTTP/1.1" 200 153
::1 - - [07/Dec/2024:13:09:31 -0600] "GET /Image/Radar.png HTTP/1.1" 404 196
::1 - - [07/Dec/2024:13:09:34 -0600] "GET /Info/Informtion.php HTTP/1.1" 200 153
::1 - - [07/Dec/2024:13:09:34 -0600] "GET /Info/Informtion.php HTTP/1.1" 200 153
::1 - - [07/Dec/2024:13:09:34 -0600] "GET /Info/Informtion.php HTTP/1.1" 200 153
::1 - - [07/Dec/2024:13:09:35 -0600] "GET /Info/Informtion.php HTTP/1.1" 200 153
::1 - - [07/Dec/2024:13:09:45 -0600] "GET /Info/Informtion.php HTTP/1.1" 404 196
::1 - - [07/Dec/2024:13:09:46 -0600] "GET /Info/Informtion.php HTTP/1.1" 404 196
::1 - - [07/Dec/2024:13:09:46 -0600] "GET /Info/Informtion.php HTTP/1.1" 404 196
::1 - - [07/Dec/2024:13:09:47 -0600] "GET /Info/Informtion.php HTTP/1.1" 404 196
::1 - - [07/Dec/2024:13:09:50 -0600] "GET /Info/Information.php HTTP/1.1" 200 153
::1 - - [07/Dec/2024:13:10:45 -0600] "-" 408 -
::1 - - [07/Dec/2024:13:11:00 -0600] "GET /Info/Information.php HTTP/1.1" 200 154
::1 - - [07/Dec/2024:13:11:00 -0600] "GET /Info/Image/Radar.png HTTP/1.1" 200 14363
::1 - - [07/Dec/2024:13:11:01 -0600] "GET /Info/Information.php HTTP/1.1" 200 154
::1 - - [07/Dec/2024:13:11:29 -0600] "GET /Info/Information.php HTTP/1.1" 200 183
::1 - - [07/Dec/2024:13:12:29 -0600] "-" 408 -
::1 - - [07/Dec/2024:13:19:30 -0600] "GET / HTTP/1.1" 200 183
::1 - - [07/Dec/2024:13:19:32 -0600] "GET / HTTP/1.1" 200 183
::1 - - [07/Dec/2024:13:19:32 -0600] "GET / HTTP/1.1" 200 183
::1 - - [07/Dec/2024:13:19:32 -0600] "GET / HTTP/1.1" 200 183
::1 - - [07/Dec/2024:13:19:32 -0600] "GET / HTTP/1.1" 200 183
::1 - - [07/Dec/2024:13:19:33 -0600] "GET / HTTP/1.1" 200 183
::1 - - [07/Dec/2024:13:19:33 -0600] "GET / HTTP/1.1" 200 183
::1 - - [07/Dec/2024:13:19:34 -0600] "GET / HTTP/1.1" 200 183
::1 - - [07/Dec/2024:13:20:30 -0600] "-" 408 -
::1 - - [07/Dec/2024:13:21:20 -0600] "GET / HTTP/1.1" 200 183
::1 - - [07/Dec/2024:13:21:21 -0600] "GET / HTTP/1.1" 200 183
::1 - - [07/Dec/2024:13:21:21 -0600] "GET / HTTP/1.1" 200 183
::1 - - [07/Dec/2024:13:21:21 -0600] "GET / HTTP/1.1" 200 183
::1 - - [07/Dec/2024:13:21:21 -0600] "GET / HTTP/1.1" 200 183
::1 - - [07/Dec/2024:13:21:22 -0600] "GET / HTTP/1.1" 200 183
::1 - - [07/Dec/2024:13:21:45 -0600] "GET / HTTP/1.1" 200 183
::1 - - [07/Dec/2024:13:21:45 -0600] "GET / HTTP/1.1" 200 183
::1 - - [07/Dec/2024:13:21:45 -0600] "GET / HTTP/1.1" 200 183
::1 - - [07/Dec/2024:13:21:46 -0600] "GET / HTTP/1.1" 200 183
::1 - - [07/Dec/2024:13:21:46 -0600] "GET / HTTP/1.1" 200 183
::1 - - [07/Dec/2024:13:21:46 -0600] "GET / HTTP/1.1" 200 183
::1 - - [07/Dec/2024:13:21:46 -0600] "GET / HTTP/1.1" 200 183
::1 - - [07/Dec/2024:13:21:46 -0600] "GET / HTTP/1.1" 200 183
::1 - - [07/Dec/2024:13:21:46 -0600] "GET / HTTP/1.1" 200 183
::1 - - [07/Dec/2024:13:21:47 -0600] "GET / HTTP/1.1" 200 183
::1 - - [07/Dec/2024:13:21:47 -0600] "GET / HTTP/1.1" 200 183
::1 - - [07/Dec/2024:13:21:47 -0600] "GET / HTTP/1.1" 200 183
::1 - - [07/Dec/2024:13:21:47 -0600] "GET / HTTP/1.1" 200 183
::1 - - [07/Dec/2024:13:21:47 -0600] "GET / HTTP/1.1" 200 183
::1 - - [07/Dec/2024:13:21:48 -0600] "GET / HTTP/1.1" 200 183
::1 - - [07/Dec/2024:13:21:48 -0600] "GET / HTTP/1.1" 200 183
::1 - - [07/Dec/2024:13:21:48 -0600] "GET / HTTP/1.1" 200 183
::1 - - [07/Dec/2024:13:21:49 -0600] "GET / HTTP/1.1" 200 183
::1 - - [07/Dec/2024:13:21:49 -0600] "GET / HTTP/1.1" 200 183
::1 - - [07/Dec/2024:13:21:49 -0600] "GET / HTTP/1.1" 200 183
::1 - - [07/Dec/2024:13:21:50 -0600] "GET / HTTP/1.1" 200 183
::1 - - [07/Dec/2024:13:21:50 -0600] "GET / HTTP/1.1" 200 183
::1 - - [07/Dec/2024:13:21:50 -0600] "GET / HTTP/1.1" 200 183
::1 - - [07/Dec/2024:13:21:50 -0600] "GET / HTTP/1.1" 200 183
::1 - - [07/Dec/2024:13:21:50 -0600] "GET / HTTP/1.1" 200 183
::1 - - [07/Dec/2024:13:21:51 -0600] "GET / HTTP/1.1" 200 183
::1 - - [07/Dec/2024:13:21:51 -0600] "GET / HTTP/1.1" 200 183
::1 - - [07/Dec/2024:13:21:51 -0600] "GET / HTTP/1.1" 200 183
::1 - - [07/Dec/2024:13:21:51 -0600] "GET / HTTP/1.1" 200 183
::1 - - [07/Dec/2024:13:21:52 -0600] "GET / HTTP/1.1" 200 183
::1 - - [07/Dec/2024:13:21:52 -0600] "GET / HTTP/1.1" 200 183
::1 - - [07/Dec/2024:13:21:53 -0600] "GET / HTTP/1.1" 200 183
::1 - - [07/Dec/2024:13:21:53 -0600] "GET / HTTP/1.1" 200 183
::1 - - [07/Dec/2024:13:21:54 -0600] "GET / HTTP/1.1" 200 183
::1 - - [07/Dec/2024:13:21:54 -0600] "GET / HTTP/1.1" 200 183
::1 - - [07/Dec/2024:13:22:29 -0600] "GET /Help/HelpGOVInterface.php HTTP/1.1" 200 183
::1 - - [07/Dec/2024:13:22:29 -0600] "GET /Help/Image/Radar.png HTTP/1.1" 200 14363
::1 - - [07/Dec/2024:13:22:39 -0600] "GET / HTTP/1.1" 200 183
::1 - - [07/Dec/2024:13:22:39 -0600] "GET /Image/Radar.png HTTP/1.1" 200 14363
