PHP Warning:  PHP Startup: Unable to load dynamic library 'php_curl.dll' (tried: C:/Users/Cristian/Desktop/CDFS/CDFS/CDFS\\php\\ext\\php_curl.dll (The specified module could not be found), C:/Users/Cristian/Desktop/CDFS/CDFS/CDFS\\php\\ext\\php_php_curl.dll.dll (The specified module could not be found)) in Unknown on line 0
PHP Warning:  PHP Startup: Unable to load dynamic library 'php_gd2.dll' (tried: C:/Users/Cristian/Desktop/CDFS/CDFS/CDFS\\php\\ext\\php_gd2.dll (The specified module could not be found), C:/Users/Cristian/Desktop/CDFS/CDFS/CDFS\\php\\ext\\php_php_gd2.dll.dll (The specified module could not be found)) in Unknown on line 0
PHP Warning:  PHP Startup: Unable to load dynamic library 'php_pdo_pgsql.dll' (tried: C:/Users/Cristian/Desktop/CDFS/CDFS/CDFS\\php\\ext\\php_pdo_pgsql.dll (The operating system cannot run %1), C:/Users/Cristian/Desktop/CDFS/CDFS/CDFS\\php\\ext\\php_php_pdo_pgsql.dll.dll (The specified module could not be found)) in Unknown on line 0
PHP Warning:  PHP Startup: Unable to load dynamic library 'php_pdo_sqlite.dll' (tried: C:/Users/Cristian/Desktop/CDFS/CDFS/CDFS\\php\\ext\\php_pdo_sqlite.dll (The specified module could not be found), C:/Users/Cristian/Desktop/CDFS/CDFS/CDFS\\php\\ext\\php_php_pdo_sqlite.dll.dll (The specified module could not be found)) in Unknown on line 0
PHP Warning:  PHP Startup: Unable to load dynamic library 'php_sqlite3.dll' (tried: C:/Users/Cristian/Desktop/CDFS/CDFS/CDFS\\php\\ext\\php_sqlite3.dll (The specified module could not be found), C:/Users/Cristian/Desktop/CDFS/CDFS/CDFS\\php\\ext\\php_php_sqlite3.dll.dll (The specified module could not be found)) in Unknown on line 0
[Sat Dec 07 13:01:57.721264 2024] [mpm_winnt:notice] [pid 13184:tid 676] AH00455: Apache/2.4.52 (Win32) PHP/8.1.3 configured -- resuming normal operations
[Sat Dec 07 13:01:57.721264 2024] [mpm_winnt:notice] [pid 13184:tid 676] AH00456: Server built: Dec 17 2021 15:03:08
[Sat Dec 07 13:01:57.721264 2024] [core:notice] [pid 13184:tid 676] AH00094: Command line: 'C:\\Users\\Cristian\\Desktop\\CDFS\\CDFS\\CDFS/apache2/bin/httpd_usbwv8.exe -d C:/Users/Cristian/Desktop/CDFS/CDFS/CDFS/apache2'
[Sat Dec 07 13:01:57.721264 2024] [mpm_winnt:notice] [pid 13184:tid 676] AH00418: Parent: Created child process 892
PHP Warning:  PHP Startup: Unable to load dynamic library 'php_curl.dll' (tried: C:/Users/Cristian/Desktop/CDFS/CDFS/CDFS\\php\\ext\\php_curl.dll (The specified module could not be found), C:/Users/Cristian/Desktop/CDFS/CDFS/CDFS\\php\\ext\\php_php_curl.dll.dll (The specified module could not be found)) in Unknown on line 0
PHP Warning:  PHP Startup: Unable to load dynamic library 'php_gd2.dll' (tried: C:/Users/Cristian/Desktop/CDFS/CDFS/CDFS\\php\\ext\\php_gd2.dll (The specified module could not be found), C:/Users/Cristian/Desktop/CDFS/CDFS/CDFS\\php\\ext\\php_php_gd2.dll.dll (The specified module could not be found)) in Unknown on line 0
PHP Warning:  PHP Startup: Unable to load dynamic library 'php_pdo_pgsql.dll' (tried: C:/Users/Cristian/Desktop/CDFS/CDFS/CDFS\\php\\ext\\php_pdo_pgsql.dll (The operating system cannot run %1), C:/Users/Cristian/Desktop/CDFS/CDFS/CDFS\\php\\ext\\php_php_pdo_pgsql.dll.dll (The specified module could not be found)) in Unknown on line 0
PHP Warning:  PHP Startup: Unable to load dynamic library 'php_pdo_sqlite.dll' (tried: C:/Users/Cristian/Desktop/CDFS/CDFS/CDFS\\php\\ext\\php_pdo_sqlite.dll (The specified module could not be found), C:/Users/Cristian/Desktop/CDFS/CDFS/CDFS\\php\\ext\\php_php_pdo_sqlite.dll.dll (The specified module could not be found)) in Unknown on line 0
PHP Warning:  PHP Startup: Unable to load dynamic library 'php_sqlite3.dll' (tried: C:/Users/Cristian/Desktop/CDFS/CDFS/CDFS\\php\\ext\\php_sqlite3.dll (The specified module could not be found), C:/Users/Cristian/Desktop/CDFS/CDFS/CDFS\\php\\ext\\php_php_sqlite3.dll.dll (The specified module could not be found)) in Unknown on line 0
[Sat Dec 07 13:01:58.085067 2024] [mpm_winnt:notice] [pid 892:tid 700] AH00354: Child: Starting 64 worker threads.
[Sat Dec 07 13:06:19.952718 2024] [php:error] [pid 892:tid 1220] [client ::1:52212] script 'C:/Users/Cristian/Desktop/CDFS/CDFS/CDFS/root/Information.php' not found or unable to stat
[Sat Dec 07 13:07:06.711246 2024] [php:error] [pid 892:tid 1236] [client ::1:52222] script 'C:/Users/Cristian/Desktop/CDFS/CDFS/CDFS/root/Info/Information.php' not found or unable to stat
[Sat Dec 07 13:07:09.056672 2024] [php:error] [pid 892:tid 1236] [client ::1:52222] script 'C:/Users/Cristian/Desktop/CDFS/CDFS/CDFS/root/Info/Information.php' not found or unable to stat
[Sat Dec 07 13:07:10.722984 2024] [php:error] [pid 892:tid 1236] [client ::1:52222] script 'C:/Users/Cristian/Desktop/CDFS/CDFS/CDFS/root/Info/Information.php' not found or unable to stat
[Sat Dec 07 13:07:10.876400 2024] [php:error] [pid 892:tid 1236] [client ::1:52222] script 'C:/Users/Cristian/Desktop/CDFS/CDFS/CDFS/root/Info/Information.php' not found or unable to stat
[Sat Dec 07 13:07:11.039261 2024] [php:error] [pid 892:tid 1236] [client ::1:52222] script 'C:/Users/Cristian/Desktop/CDFS/CDFS/CDFS/root/Info/Information.php' not found or unable to stat
[Sat Dec 07 13:07:11.192751 2024] [php:error] [pid 892:tid 1236] [client ::1:52222] script 'C:/Users/Cristian/Desktop/CDFS/CDFS/CDFS/root/Info/Information.php' not found or unable to stat
[Sat Dec 07 13:07:11.340054 2024] [php:error] [pid 892:tid 1236] [client ::1:52222] script 'C:/Users/Cristian/Desktop/CDFS/CDFS/CDFS/root/Info/Information.php' not found or unable to stat
[Sat Dec 07 13:07:11.509065 2024] [php:error] [pid 892:tid 1236] [client ::1:52222] script 'C:/Users/Cristian/Desktop/CDFS/CDFS/CDFS/root/Info/Information.php' not found or unable to stat
[Sat Dec 07 13:07:11.671964 2024] [php:error] [pid 892:tid 1236] [client ::1:52222] script 'C:/Users/Cristian/Desktop/CDFS/CDFS/CDFS/root/Info/Information.php' not found or unable to stat
[Sat Dec 07 13:07:11.888291 2024] [php:error] [pid 892:tid 1236] [client ::1:52222] script 'C:/Users/Cristian/Desktop/CDFS/CDFS/CDFS/root/Info/Information.php' not found or unable to stat
[Sat Dec 07 13:09:45.904587 2024] [php:error] [pid 892:tid 1236] [client ::1:52225] script 'C:/Users/Cristian/Desktop/CDFS/CDFS/CDFS/root/Info/Informtion.php' not found or unable to stat
[Sat Dec 07 13:09:46.745133 2024] [php:error] [pid 892:tid 1236] [client ::1:52225] script 'C:/Users/Cristian/Desktop/CDFS/CDFS/CDFS/root/Info/Informtion.php' not found or unable to stat
[Sat Dec 07 13:09:46.923047 2024] [php:error] [pid 892:tid 1236] [client ::1:52225] script 'C:/Users/Cristian/Desktop/CDFS/CDFS/CDFS/root/Info/Informtion.php' not found or unable to stat
[Sat Dec 07 13:09:47.086612 2024] [php:error] [pid 892:tid 1236] [client ::1:52225] script 'C:/Users/Cristian/Desktop/CDFS/CDFS/CDFS/root/Info/Informtion.php' not found or unable to stat
